TpTrace Verbose: 0 : 25176, 1, 2022/03/06, 11:31:29.773, 55310831086, vstest.console.dll, Version: 16.11.0
TpTrace Information: 0 : 25176, 1, 2022/03/06, 11:31:29.781, 55310891029, vstest.console.dll, FilePatternParser: The given file C:\Users\D3NCE\OneDrive\Desktop\RentNScoot\RentNScoot.Application.UT\bin\Debug\netcoreapp3.1\fine-code-coverage\build-output\RentNScoot.Application.UT.dll is a full path.
TpTrace Verbose: 0 : 25176, 1, 2022/03/06, 11:31:29.785, 55310933197, vstest.console.dll, TestPluginCache.DiscoverTestExtensions: finding test extensions in assemblies ends with: RuntimeProvider.dll TPluginInfo: Microsoft.VisualStudio.TestPlatform.Common.ExtensionFramework.Utilities.TestRuntimePluginInformation TExtension: Microsoft.VisualStudio.TestPlatform.ObjectModel.Host.ITestRuntimeProvider
TpTrace Verbose: 0 : 25176, 1, 2022/03/06, 11:31:29.785, 55310935928, vstest.console.dll, TestPluginCache.GetExtensionPaths: Filtered extension paths: 
TpTrace Verbose: 0 : 25176, 1, 2022/03/06, 11:31:29.786, 55310936553, vstest.console.dll, TestPluginCache.GetExtensionPaths: Added default extension paths: C:\Program Files\dotnet\sdk\5.0.405\Extensions\Microsoft.Diagnostics.NETCore.Client.dll
C:\Program Files\dotnet\sdk\5.0.405\Extensions\Microsoft.TestPlatform.Extensions.BlameDataCollector.dll
C:\Program Files\dotnet\sdk\5.0.405\Extensions\Microsoft.TestPlatform.Extensions.EventLogCollector.dll
C:\Program Files\dotnet\sdk\5.0.405\Extensions\Microsoft.TestPlatform.TestHostRuntimeProvider.dll
C:\Program Files\dotnet\sdk\5.0.405\Extensions\Microsoft.VisualStudio.TestPlatform.Extensions.Html.TestLogger.dll
C:\Program Files\dotnet\sdk\5.0.405\Extensions\Microsoft.VisualStudio.TestPlatform.Extensions.Trx.TestLogger.dll
TpTrace Verbose: 0 : 25176, 1, 2022/03/06, 11:31:29.786, 55310936783, vstest.console.dll, TestPluginCache.GetExtensionPaths: Added unfilterableExtensionPaths: 
TpTrace Information: 0 : 25176, 1, 2022/03/06, 11:31:29.786, 55310941473, vstest.console.dll, AssemblyResolver.ctor: Creating AssemblyResolver with searchDirectories C:\Program Files\dotnet\sdk\5.0.405\Extensions,C:\Program Files\dotnet\sdk\5.0.405
TpTrace Verbose: 0 : 25176, 1, 2022/03/06, 11:31:29.787, 55310954063, vstest.console.dll, TestPluginCache.DiscoverTestExtensions: Discovering the extensions using extension path.
TpTrace Verbose: 0 : 25176, 1, 2022/03/06, 11:31:29.787, 55310954812, vstest.console.dll, TestPluginCache.GetExtensionPaths: Filtered extension paths: 
TpTrace Verbose: 0 : 25176, 1, 2022/03/06, 11:31:29.787, 55310955099, vstest.console.dll, TestPluginCache.GetExtensionPaths: Added default extension paths: C:\Program Files\dotnet\sdk\5.0.405\Extensions\Microsoft.Diagnostics.NETCore.Client.dll
C:\Program Files\dotnet\sdk\5.0.405\Extensions\Microsoft.TestPlatform.Extensions.BlameDataCollector.dll
C:\Program Files\dotnet\sdk\5.0.405\Extensions\Microsoft.TestPlatform.Extensions.EventLogCollector.dll
C:\Program Files\dotnet\sdk\5.0.405\Extensions\Microsoft.TestPlatform.TestHostRuntimeProvider.dll
C:\Program Files\dotnet\sdk\5.0.405\Extensions\Microsoft.VisualStudio.TestPlatform.Extensions.Html.TestLogger.dll
C:\Program Files\dotnet\sdk\5.0.405\Extensions\Microsoft.VisualStudio.TestPlatform.Extensions.Trx.TestLogger.dll
TpTrace Verbose: 0 : 25176, 1, 2022/03/06, 11:31:29.787, 55310955295, vstest.console.dll, TestPluginCache.GetExtensionPaths: Added unfilterableExtensionPaths: 
TpTrace Verbose: 0 : 25176, 1, 2022/03/06, 11:31:29.787, 55310955674, vstest.console.dll, TestPluginCache.DiscoverTestExtensions: Discovering the extensions using allExtensionPaths: C:\Program Files\dotnet\sdk\5.0.405\Extensions\Microsoft.Diagnostics.NETCore.Client.dll
C:\Program Files\dotnet\sdk\5.0.405\Extensions\Microsoft.TestPlatform.Extensions.BlameDataCollector.dll
C:\Program Files\dotnet\sdk\5.0.405\Extensions\Microsoft.TestPlatform.Extensions.EventLogCollector.dll
C:\Program Files\dotnet\sdk\5.0.405\Extensions\Microsoft.TestPlatform.TestHostRuntimeProvider.dll
C:\Program Files\dotnet\sdk\5.0.405\Extensions\Microsoft.VisualStudio.TestPlatform.Extensions.Html.TestLogger.dll
C:\Program Files\dotnet\sdk\5.0.405\Extensions\Microsoft.VisualStudio.TestPlatform.Extensions.Trx.TestLogger.dll
TpTrace Information: 0 : 25176, 1, 2022/03/06, 11:31:29.788, 55310956604, vstest.console.dll, AssemblyResolver.AddSearchDirectories: Adding more searchDirectories C:\Program Files\dotnet\sdk\5.0.405\Extensions,C:\Program Files\dotnet\sdk\5.0.405
TpTrace Information: 0 : 25176, 1, 2022/03/06, 11:31:29.788, 55310957049, vstest.console.dll, AssemblyResolver.AddSearchDirectories: Adding more searchDirectories C:\Program Files\dotnet\sdk\5.0.405\Extensions,C:\Program Files\dotnet\sdk\5.0.405
TpTrace Information: 0 : 25176, 1, 2022/03/06, 11:31:29.788, 55310957275, vstest.console.dll, AssemblyResolver.AddSearchDirectories: Adding more searchDirectories C:\Program Files\dotnet\sdk\5.0.405\Extensions,C:\Program Files\dotnet\sdk\5.0.405
TpTrace Information: 0 : 25176, 1, 2022/03/06, 11:31:29.788, 55310957455, vstest.console.dll, AssemblyResolver.AddSearchDirectories: Adding more searchDirectories C:\Program Files\dotnet\sdk\5.0.405\Extensions,C:\Program Files\dotnet\sdk\5.0.405
TpTrace Information: 0 : 25176, 1, 2022/03/06, 11:31:29.788, 55310957662, vstest.console.dll, AssemblyResolver.AddSearchDirectories: Adding more searchDirectories C:\Program Files\dotnet\sdk\5.0.405\Extensions,C:\Program Files\dotnet\sdk\5.0.405
TpTrace Information: 0 : 25176, 1, 2022/03/06, 11:31:29.788, 55310957835, vstest.console.dll, AssemblyResolver.AddSearchDirectories: Adding more searchDirectories C:\Program Files\dotnet\sdk\5.0.405\Extensions,C:\Program Files\dotnet\sdk\5.0.405
TpTrace Information: 0 : 25176, 1, 2022/03/06, 11:31:29.788, 55310960077, vstest.console.dll, AssemblyResolver.OnResolve: Microsoft.Diagnostics.NETCore.Client: Resolving assembly.
TpTrace Information: 0 : 25176, 1, 2022/03/06, 11:31:29.788, 55310960505, vstest.console.dll, AssemblyResolver.OnResolve: Microsoft.Diagnostics.NETCore.Client: Searching in: 'C:\Program Files\dotnet\sdk\5.0.405\Extensions'.
TpTrace Information: 0 : 25176, 1, 2022/03/06, 11:31:29.788, 55310964406, vstest.console.dll, AssemblyResolver.OnResolve: Microsoft.Diagnostics.NETCore.Client: Loading assembly 'C:\Program Files\dotnet\sdk\5.0.405\Extensions\Microsoft.Diagnostics.NETCore.Client.dll'.
TpTrace Information: 0 : 25176, 1, 2022/03/06, 11:31:29.789, 55310970310, vstest.console.dll, AssemblyResolver.OnResolve: Resolved assembly: Microsoft.Diagnostics.NETCore.Client, from path: C:\Program Files\dotnet\sdk\5.0.405\Extensions\Microsoft.Diagnostics.NETCore.Client.dll
TpTrace Information: 0 : 25176, 1, 2022/03/06, 11:31:29.791, 55310992766, vstest.console.dll, AssemblyResolver.OnResolve: Microsoft.Bcl.AsyncInterfaces: Resolving assembly.
TpTrace Information: 0 : 25176, 1, 2022/03/06, 11:31:29.791, 55310993229, vstest.console.dll, AssemblyResolver.OnResolve: Microsoft.Bcl.AsyncInterfaces: Searching in: 'C:\Program Files\dotnet\sdk\5.0.405\Extensions'.
TpTrace Information: 0 : 25176, 1, 2022/03/06, 11:31:29.791, 55310993794, vstest.console.dll, AssemblyResolver.OnResolve: Microsoft.Bcl.AsyncInterfaces: Assembly path does not exist: 'C:\Program Files\dotnet\sdk\5.0.405\Extensions\Microsoft.Bcl.AsyncInterfaces.dll', returning.
TpTrace Information: 0 : 25176, 1, 2022/03/06, 11:31:29.791, 55310994260, vstest.console.dll, AssemblyResolver.OnResolve: Microsoft.Bcl.AsyncInterfaces: Assembly path does not exist: 'C:\Program Files\dotnet\sdk\5.0.405\Extensions\Microsoft.Bcl.AsyncInterfaces.exe', returning.
TpTrace Information: 0 : 25176, 1, 2022/03/06, 11:31:29.791, 55310994471, vstest.console.dll, AssemblyResolver.OnResolve: Microsoft.Bcl.AsyncInterfaces: Searching in: 'C:\Program Files\dotnet\sdk\5.0.405'.
TpTrace Information: 0 : 25176, 1, 2022/03/06, 11:31:29.791, 55310994921, vstest.console.dll, AssemblyResolver.OnResolve: Microsoft.Bcl.AsyncInterfaces: Assembly path does not exist: 'C:\Program Files\dotnet\sdk\5.0.405\Microsoft.Bcl.AsyncInterfaces.dll', returning.
TpTrace Information: 0 : 25176, 1, 2022/03/06, 11:31:29.791, 55310995324, vstest.console.dll, AssemblyResolver.OnResolve: Microsoft.Bcl.AsyncInterfaces: Assembly path does not exist: 'C:\Program Files\dotnet\sdk\5.0.405\Microsoft.Bcl.AsyncInterfaces.exe', returning.
TpTrace Information: 0 : 25176, 1, 2022/03/06, 11:31:29.791, 55310995827, vstest.console.dll, AssemblyResolver.OnResolve: Microsoft.Bcl.AsyncInterfaces: Failed to load assembly.
TpTrace Verbose: 0 : 25176, 1, 2022/03/06, 11:31:29.791, 55310996107, vstest.console.dll, CurrentDomainAssemblyResolve: Resolving assembly 'Microsoft.Bcl.AsyncInterfaces'.
TpTrace Information: 0 : 25176, 1, 2022/03/06, 11:31:29.791, 55310996501, vstest.console.dll, AssemblyResolver.OnResolve: Microsoft.Bcl.AsyncInterfaces: Resolving assembly.
TpTrace Information: 0 : 25176, 1, 2022/03/06, 11:31:29.792, 55310996740, vstest.console.dll, AssemblyResolver.OnResolve: Microsoft.Bcl.AsyncInterfaces: Resolved from cache.
TpTrace Verbose: 0 : 25176, 1, 2022/03/06, 11:31:29.792, 55310996933, vstest.console.dll, CurrentDomainAssemblyResolve: Resolving assembly 'Microsoft.Bcl.AsyncInterfaces'.
TpTrace Verbose: 0 : 25176, 1, 2022/03/06, 11:31:29.792, 55310997190, vstest.console.dll, CurrentDomainAssemblyResolve: Failed to resolve assembly 'Microsoft.Bcl.AsyncInterfaces'.
TpTrace Verbose: 0 : 25176, 1, 2022/03/06, 11:31:29.792, 55311003817, vstest.console.dll, CurrentDomainAssemblyResolve: Failed to resolve assembly 'Microsoft.Bcl.AsyncInterfaces'.
TpTrace Warning: 0 : 25176, 1, 2022/03/06, 11:31:29.802, 55311099639, vstest.console.dll, TestPluginDiscoverer: Failed to get types from assembly 'Microsoft.Diagnostics.NETCore.Client, Version=0.2.2.41902, Culture=neutral, PublicKeyToken=31bf3856ad364e35'.  Skipping test extension scan for this assembly.  Error: System.Reflection.ReflectionTypeLoadException: Unable to load one or more of the requested types.
Could not load file or assembly 'Microsoft.Bcl.AsyncInterfaces, Version=1.0.0.0, Culture=neutral, PublicKeyToken=cc7b13ffcd2ddd51'. Das System kann die angegebene Datei nicht finden.
   at System.Reflection.RuntimeModule.GetTypes(RuntimeModule module)
   at System.Reflection.RuntimeModule.GetTypes()
   at System.Reflection.Assembly.GetTypes()
   at Microsoft.VisualStudio.TestPlatform.Common.ExtensionFramework.TestPluginDiscoverer.GetTestExtensionsFromAssembly[TPluginInfo,TExtension](Assembly assembly, Dictionary`2 pluginInfos)
System.IO.FileNotFoundException: Could not load file or assembly 'Microsoft.Bcl.AsyncInterfaces, Version=1.0.0.0, Culture=neutral, PublicKeyToken=cc7b13ffcd2ddd51'. Das System kann die angegebene Datei nicht finden.
File name: 'Microsoft.Bcl.AsyncInterfaces, Version=1.0.0.0, Culture=neutral, PublicKeyToken=cc7b13ffcd2ddd51'
TpTrace Warning: 0 : 25176, 1, 2022/03/06, 11:31:29.802, 55311100290, vstest.console.dll, LoaderExceptions: System.IO.FileNotFoundException: Could not load file or assembly 'Microsoft.Bcl.AsyncInterfaces, Version=1.0.0.0, Culture=neutral, PublicKeyToken=cc7b13ffcd2ddd51'. Das System kann die angegebene Datei nicht finden.
File name: 'Microsoft.Bcl.AsyncInterfaces, Version=1.0.0.0, Culture=neutral, PublicKeyToken=cc7b13ffcd2ddd51'
TpTrace Information: 0 : 25176, 1, 2022/03/06, 11:31:29.802, 55311100926, vstest.console.dll, AssemblyResolver.OnResolve: Microsoft.TestPlatform.Extensions.BlameDataCollector: Resolving assembly.
TpTrace Information: 0 : 25176, 1, 2022/03/06, 11:31:29.802, 55311101171, vstest.console.dll, AssemblyResolver.OnResolve: Microsoft.TestPlatform.Extensions.BlameDataCollector: Searching in: 'C:\Program Files\dotnet\sdk\5.0.405\Extensions'.
TpTrace Information: 0 : 25176, 1, 2022/03/06, 11:31:29.802, 55311103797, vstest.console.dll, AssemblyResolver.OnResolve: Microsoft.TestPlatform.Extensions.BlameDataCollector: Loading assembly 'C:\Program Files\dotnet\sdk\5.0.405\Extensions\Microsoft.TestPlatform.Extensions.BlameDataCollector.dll'.
TpTrace Information: 0 : 25176, 1, 2022/03/06, 11:31:29.803, 55311108081, vstest.console.dll, AssemblyResolver.OnResolve: Resolved assembly: Microsoft.TestPlatform.Extensions.BlameDataCollector, from path: C:\Program Files\dotnet\sdk\5.0.405\Extensions\Microsoft.TestPlatform.Extensions.BlameDataCollector.dll
TpTrace Information: 0 : 25176, 1, 2022/03/06, 11:31:29.803, 55311111915, vstest.console.dll, AssemblyResolver.OnResolve: Microsoft.TestPlatform.Extensions.EventLogCollector: Resolving assembly.
TpTrace Information: 0 : 25176, 1, 2022/03/06, 11:31:29.803, 55311112410, vstest.console.dll, AssemblyResolver.OnResolve: Microsoft.TestPlatform.Extensions.EventLogCollector: Searching in: 'C:\Program Files\dotnet\sdk\5.0.405\Extensions'.
TpTrace Information: 0 : 25176, 1, 2022/03/06, 11:31:29.803, 55311114821, vstest.console.dll, AssemblyResolver.OnResolve: Microsoft.TestPlatform.Extensions.EventLogCollector: Loading assembly 'C:\Program Files\dotnet\sdk\5.0.405\Extensions\Microsoft.TestPlatform.Extensions.EventLogCollector.dll'.
TpTrace Information: 0 : 25176, 1, 2022/03/06, 11:31:29.804, 55311117917, vstest.console.dll, AssemblyResolver.OnResolve: Resolved assembly: Microsoft.TestPlatform.Extensions.EventLogCollector, from path: C:\Program Files\dotnet\sdk\5.0.405\Extensions\Microsoft.TestPlatform.Extensions.EventLogCollector.dll
TpTrace Information: 0 : 25176, 1, 2022/03/06, 11:31:29.805, 55311132710, vstest.console.dll, AssemblyResolver.OnResolve: Microsoft.TestPlatform.TestHostRuntimeProvider: Resolving assembly.
TpTrace Information: 0 : 25176, 1, 2022/03/06, 11:31:29.805, 55311133105, vstest.console.dll, AssemblyResolver.OnResolve: Microsoft.TestPlatform.TestHostRuntimeProvider: Searching in: 'C:\Program Files\dotnet\sdk\5.0.405\Extensions'.
TpTrace Information: 0 : 25176, 1, 2022/03/06, 11:31:29.805, 55311135647, vstest.console.dll, AssemblyResolver.OnResolve: Microsoft.TestPlatform.TestHostRuntimeProvider: Loading assembly 'C:\Program Files\dotnet\sdk\5.0.405\Extensions\Microsoft.TestPlatform.TestHostRuntimeProvider.dll'.
TpTrace Information: 0 : 25176, 1, 2022/03/06, 11:31:29.806, 55311139501, vstest.console.dll, AssemblyResolver.OnResolve: Resolved assembly: Microsoft.TestPlatform.TestHostRuntimeProvider, from path: C:\Program Files\dotnet\sdk\5.0.405\Extensions\Microsoft.TestPlatform.TestHostRuntimeProvider.dll
TpTrace Information: 0 : 25176, 1, 2022/03/06, 11:31:29.806, 55311146460, vstest.console.dll, AssemblyResolver.OnResolve: Microsoft.VisualStudio.TestPlatform.Extensions.Html.TestLogger: Resolving assembly.
TpTrace Information: 0 : 25176, 1, 2022/03/06, 11:31:29.807, 55311146830, vstest.console.dll, AssemblyResolver.OnResolve: Microsoft.VisualStudio.TestPlatform.Extensions.Html.TestLogger: Searching in: 'C:\Program Files\dotnet\sdk\5.0.405\Extensions'.
TpTrace Information: 0 : 25176, 1, 2022/03/06, 11:31:29.807, 55311149489, vstest.console.dll, AssemblyResolver.OnResolve: Microsoft.VisualStudio.TestPlatform.Extensions.Html.TestLogger: Loading assembly 'C:\Program Files\dotnet\sdk\5.0.405\Extensions\Microsoft.VisualStudio.TestPlatform.Extensions.Html.TestLogger.dll'.
TpTrace Information: 0 : 25176, 1, 2022/03/06, 11:31:29.807, 55311153585, vstest.console.dll, AssemblyResolver.OnResolve: Resolved assembly: Microsoft.VisualStudio.TestPlatform.Extensions.Html.TestLogger, from path: C:\Program Files\dotnet\sdk\5.0.405\Extensions\Microsoft.VisualStudio.TestPlatform.Extensions.Html.TestLogger.dll
TpTrace Information: 0 : 25176, 1, 2022/03/06, 11:31:29.807, 55311155467, vstest.console.dll, AssemblyResolver.OnResolve: Microsoft.VisualStudio.TestPlatform.Extensions.Trx.TestLogger: Resolving assembly.
TpTrace Information: 0 : 25176, 1, 2022/03/06, 11:31:29.807, 55311155802, vstest.console.dll, AssemblyResolver.OnResolve: Microsoft.VisualStudio.TestPlatform.Extensions.Trx.TestLogger: Searching in: 'C:\Program Files\dotnet\sdk\5.0.405\Extensions'.
TpTrace Information: 0 : 25176, 1, 2022/03/06, 11:31:29.808, 55311158576, vstest.console.dll, AssemblyResolver.OnResolve: Microsoft.VisualStudio.TestPlatform.Extensions.Trx.TestLogger: Loading assembly 'C:\Program Files\dotnet\sdk\5.0.405\Extensions\Microsoft.VisualStudio.TestPlatform.Extensions.Trx.TestLogger.dll'.
TpTrace Information: 0 : 25176, 1, 2022/03/06, 11:31:29.808, 55311163424, vstest.console.dll, AssemblyResolver.OnResolve: Resolved assembly: Microsoft.VisualStudio.TestPlatform.Extensions.Trx.TestLogger, from path: C:\Program Files\dotnet\sdk\5.0.405\Extensions\Microsoft.VisualStudio.TestPlatform.Extensions.Trx.TestLogger.dll
TpTrace Verbose: 0 : 25176, 1, 2022/03/06, 11:31:29.809, 55311167287, vstest.console.dll, TestPluginCache: Discovered the extensions using extension path ''.
TpTrace Verbose: 0 : 25176, 1, 2022/03/06, 11:31:29.809, 55311167681, vstest.console.dll, TestPluginCache: Discoverers are ''.
TpTrace Verbose: 0 : 25176, 1, 2022/03/06, 11:31:29.809, 55311167858, vstest.console.dll, TestPluginCache: Executors are ''.
TpTrace Verbose: 0 : 25176, 1, 2022/03/06, 11:31:29.809, 55311168013, vstest.console.dll, TestPluginCache: Executors2 are ''.
TpTrace Verbose: 0 : 25176, 1, 2022/03/06, 11:31:29.809, 55311168166, vstest.console.dll, TestPluginCache: Setting providers are ''.
TpTrace Verbose: 0 : 25176, 1, 2022/03/06, 11:31:29.809, 55311168316, vstest.console.dll, TestPluginCache: Loggers are ''.
TpTrace Information: 0 : 25176, 1, 2022/03/06, 11:31:29.812, 55311203460, vstest.console.dll, RunTestsArgumentProcessor:Execute: Test run is starting.
TpTrace Verbose: 0 : 25176, 1, 2022/03/06, 11:31:29.812, 55311204019, vstest.console.dll, RunTestsArgumentProcessor:Execute: Queuing Test run.
TpTrace Information: 0 : 25176, 1, 2022/03/06, 11:31:29.812, 55311205078, vstest.console.dll, TestRequestManager.RunTests: run tests started.
TpTrace Information: 0 : 25176, 1, 2022/03/06, 11:31:29.903, 55312106889, vstest.console.dll, AssemblyMetadataProvider.GetFrameWork: Determined framework:'.NETCoreApp,Version=v3.1' for source: 'C:\Users\D3NCE\OneDrive\Desktop\RentNScoot\RentNScoot.Application.UT\bin\Debug\netcoreapp3.1\fine-code-coverage\build-output\RentNScoot.Application.UT.dll'
TpTrace Information: 0 : 25176, 1, 2022/03/06, 11:31:29.903, 55312108326, vstest.console.dll, Determined framework for all sources: .NETCoreApp,Version=v3.1
TpTrace Information: 0 : 25176, 1, 2022/03/06, 11:31:29.903, 55312113391, vstest.console.dll, AssemblyMetadataProvider.GetArchitecture: Determined architecture:AnyCPU info for assembly: C:\Users\D3NCE\OneDrive\Desktop\RentNScoot\RentNScoot.Application.UT\bin\Debug\netcoreapp3.1\fine-code-coverage\build-output\RentNScoot.Application.UT.dll
TpTrace Information: 0 : 25176, 1, 2022/03/06, 11:31:29.905, 55312129478, vstest.console.dll, Determined platform for all sources: X64
TpTrace Information: 0 : 25176, 1, 2022/03/06, 11:31:29.907, 55312147857, vstest.console.dll, Compatible sources list : 
TpTrace Information: 0 : 25176, 1, 2022/03/06, 11:31:29.907, 55312148405, vstest.console.dll, C:\Users\D3NCE\OneDrive\Desktop\RentNScoot\RentNScoot.Application.UT\bin\Debug\netcoreapp3.1\fine-code-coverage\build-output\RentNScoot.Application.UT.dll
TpTrace Information: 0 : 25176, 1, 2022/03/06, 11:31:29.908, 55312164096, vstest.console.dll, InferRunSettingsHelper.IsTestSettingsEnabled: Unable to navigate to RunSettings/MSTest. Current node: RunSettings
TpTrace Information: 0 : 25176, 1, 2022/03/06, 11:31:29.909, 55312169887, vstest.console.dll, AssemblyResolver.OnResolve: Microsoft.VisualStudio.TestPlatform.Fakes: Resolving assembly.
TpTrace Information: 0 : 25176, 1, 2022/03/06, 11:31:29.909, 55312170304, vstest.console.dll, AssemblyResolver.OnResolve: Microsoft.VisualStudio.TestPlatform.Fakes: Searching in: 'C:\Program Files\dotnet\sdk\5.0.405\Extensions'.
TpTrace Information: 0 : 25176, 1, 2022/03/06, 11:31:29.909, 55312171208, vstest.console.dll, AssemblyResolver.OnResolve: Microsoft.VisualStudio.TestPlatform.Fakes: Assembly path does not exist: 'C:\Program Files\dotnet\sdk\5.0.405\Extensions\Microsoft.VisualStudio.TestPlatform.Fakes.dll', returning.
TpTrace Information: 0 : 25176, 1, 2022/03/06, 11:31:29.909, 55312171711, vstest.console.dll, AssemblyResolver.OnResolve: Microsoft.VisualStudio.TestPlatform.Fakes: Assembly path does not exist: 'C:\Program Files\dotnet\sdk\5.0.405\Extensions\Microsoft.VisualStudio.TestPlatform.Fakes.exe', returning.
TpTrace Information: 0 : 25176, 1, 2022/03/06, 11:31:29.909, 55312171911, vstest.console.dll, AssemblyResolver.OnResolve: Microsoft.VisualStudio.TestPlatform.Fakes: Searching in: 'C:\Program Files\dotnet\sdk\5.0.405'.
TpTrace Information: 0 : 25176, 1, 2022/03/06, 11:31:29.909, 55312173731, vstest.console.dll, AssemblyResolver.OnResolve: Microsoft.VisualStudio.TestPlatform.Fakes: Assembly path does not exist: 'C:\Program Files\dotnet\sdk\5.0.405\Microsoft.VisualStudio.TestPlatform.Fakes.dll', returning.
TpTrace Information: 0 : 25176, 1, 2022/03/06, 11:31:29.909, 55312174204, vstest.console.dll, AssemblyResolver.OnResolve: Microsoft.VisualStudio.TestPlatform.Fakes: Assembly path does not exist: 'C:\Program Files\dotnet\sdk\5.0.405\Microsoft.VisualStudio.TestPlatform.Fakes.exe', returning.
TpTrace Information: 0 : 25176, 1, 2022/03/06, 11:31:29.909, 55312174434, vstest.console.dll, AssemblyResolver.OnResolve: Microsoft.VisualStudio.TestPlatform.Fakes: Failed to load assembly.
TpTrace Information: 0 : 25176, 1, 2022/03/06, 11:31:29.910, 55312176921, vstest.console.dll, Failed to create newly implemented Fakes Configurator. Reason:System.IO.FileNotFoundException: Could not load file or assembly 'Microsoft.VisualStudio.TestPlatform.Fakes, Version=16.0.0.0, Culture=neutral, PublicKeyToken=null'. Das System kann die angegebene Datei nicht finden.
File name: 'Microsoft.VisualStudio.TestPlatform.Fakes, Version=16.0.0.0, Culture=neutral, PublicKeyToken=null'
   at System.Reflection.RuntimeAssembly.InternalLoad(ObjectHandleOnStack assemblyName, ObjectHandleOnStack requestingAssembly, StackCrawlMarkHandle stackMark, Boolean throwOnFileNotFound, ObjectHandleOnStack assemblyLoadContext, ObjectHandleOnStack retAssembly)
   at System.Reflection.RuntimeAssembly.InternalLoad(AssemblyName assemblyName, RuntimeAssembly requestingAssembly, StackCrawlMark& stackMark, Boolean throwOnFileNotFound, AssemblyLoadContext assemblyLoadContext)
   at System.Reflection.Assembly.Load(AssemblyName assemblyRef)
   at Microsoft.VisualStudio.TestPlatform.Common.Utilities.FakesUtilities.TryGetFakesCrossPlatformDataCollectorConfigurator() 
TpTrace Verbose: 0 : 25176, 1, 2022/03/06, 11:31:29.912, 55312200924, vstest.console.dll, TestPluginCache.DiscoverTestExtensions: finding test extensions in assemblies ends with: TestLogger.dll TPluginInfo: Microsoft.VisualStudio.TestPlatform.Common.ExtensionFramework.Utilities.TestLoggerPluginInformation TExtension: Microsoft.VisualStudio.TestPlatform.ObjectModel.Client.ITestLogger
TpTrace Verbose: 0 : 25176, 1, 2022/03/06, 11:31:29.912, 55312201392, vstest.console.dll, TestPluginCache.GetExtensionPaths: Filtered extension paths: 
TpTrace Verbose: 0 : 25176, 1, 2022/03/06, 11:31:29.912, 55312201603, vstest.console.dll, TestPluginCache.GetExtensionPaths: Added default extension paths: C:\Program Files\dotnet\sdk\5.0.405\Extensions\Microsoft.Diagnostics.NETCore.Client.dll
C:\Program Files\dotnet\sdk\5.0.405\Extensions\Microsoft.TestPlatform.Extensions.BlameDataCollector.dll
C:\Program Files\dotnet\sdk\5.0.405\Extensions\Microsoft.TestPlatform.Extensions.EventLogCollector.dll
C:\Program Files\dotnet\sdk\5.0.405\Extensions\Microsoft.TestPlatform.TestHostRuntimeProvider.dll
C:\Program Files\dotnet\sdk\5.0.405\Extensions\Microsoft.VisualStudio.TestPlatform.Extensions.Html.TestLogger.dll
C:\Program Files\dotnet\sdk\5.0.405\Extensions\Microsoft.VisualStudio.TestPlatform.Extensions.Trx.TestLogger.dll
TpTrace Verbose: 0 : 25176, 1, 2022/03/06, 11:31:29.912, 55312201821, vstest.console.dll, TestPluginCache.GetExtensionPaths: Added unfilterableExtensionPaths: 
TpTrace Information: 0 : 25176, 1, 2022/03/06, 11:31:29.912, 55312202765, vstest.console.dll, AssemblyResolver.AddSearchDirectories: Adding more searchDirectories C:\Program Files\dotnet\sdk\5.0.405\Extensions,C:\Program Files\dotnet\sdk\5.0.405
TpTrace Verbose: 0 : 25176, 1, 2022/03/06, 11:31:29.912, 55312203096, vstest.console.dll, TestPluginCache.DiscoverTestExtensions: Discovering the extensions using extension path.
TpTrace Verbose: 0 : 25176, 1, 2022/03/06, 11:31:29.912, 55312203284, vstest.console.dll, TestPluginCache.GetExtensionPaths: Filtered extension paths: 
TpTrace Verbose: 0 : 25176, 1, 2022/03/06, 11:31:29.912, 55312203482, vstest.console.dll, TestPluginCache.GetExtensionPaths: Added default extension paths: C:\Program Files\dotnet\sdk\5.0.405\Extensions\Microsoft.Diagnostics.NETCore.Client.dll
C:\Program Files\dotnet\sdk\5.0.405\Extensions\Microsoft.TestPlatform.Extensions.BlameDataCollector.dll
C:\Program Files\dotnet\sdk\5.0.405\Extensions\Microsoft.TestPlatform.Extensions.EventLogCollector.dll
C:\Program Files\dotnet\sdk\5.0.405\Extensions\Microsoft.TestPlatform.TestHostRuntimeProvider.dll
C:\Program Files\dotnet\sdk\5.0.405\Extensions\Microsoft.VisualStudio.TestPlatform.Extensions.Html.TestLogger.dll
C:\Program Files\dotnet\sdk\5.0.405\Extensions\Microsoft.VisualStudio.TestPlatform.Extensions.Trx.TestLogger.dll
TpTrace Verbose: 0 : 25176, 1, 2022/03/06, 11:31:29.912, 55312203709, vstest.console.dll, TestPluginCache.GetExtensionPaths: Added unfilterableExtensionPaths: 
TpTrace Verbose: 0 : 25176, 1, 2022/03/06, 11:31:29.912, 55312203896, vstest.console.dll, TestPluginCache.DiscoverTestExtensions: Discovering the extensions using allExtensionPaths: C:\Program Files\dotnet\sdk\5.0.405\Extensions\Microsoft.Diagnostics.NETCore.Client.dll
C:\Program Files\dotnet\sdk\5.0.405\Extensions\Microsoft.TestPlatform.Extensions.BlameDataCollector.dll
C:\Program Files\dotnet\sdk\5.0.405\Extensions\Microsoft.TestPlatform.Extensions.EventLogCollector.dll
C:\Program Files\dotnet\sdk\5.0.405\Extensions\Microsoft.TestPlatform.TestHostRuntimeProvider.dll
C:\Program Files\dotnet\sdk\5.0.405\Extensions\Microsoft.VisualStudio.TestPlatform.Extensions.Html.TestLogger.dll
C:\Program Files\dotnet\sdk\5.0.405\Extensions\Microsoft.VisualStudio.TestPlatform.Extensions.Trx.TestLogger.dll
TpTrace Information: 0 : 25176, 1, 2022/03/06, 11:31:29.912, 55312204188, vstest.console.dll, AssemblyResolver.AddSearchDirectories: Adding more searchDirectories C:\Program Files\dotnet\sdk\5.0.405\Extensions,C:\Program Files\dotnet\sdk\5.0.405
TpTrace Information: 0 : 25176, 1, 2022/03/06, 11:31:29.912, 55312204381, vstest.console.dll, AssemblyResolver.AddSearchDirectories: Adding more searchDirectories C:\Program Files\dotnet\sdk\5.0.405\Extensions,C:\Program Files\dotnet\sdk\5.0.405
TpTrace Information: 0 : 25176, 1, 2022/03/06, 11:31:29.912, 55312204556, vstest.console.dll, AssemblyResolver.AddSearchDirectories: Adding more searchDirectories C:\Program Files\dotnet\sdk\5.0.405\Extensions,C:\Program Files\dotnet\sdk\5.0.405
TpTrace Information: 0 : 25176, 1, 2022/03/06, 11:31:29.912, 55312204754, vstest.console.dll, AssemblyResolver.AddSearchDirectories: Adding more searchDirectories C:\Program Files\dotnet\sdk\5.0.405\Extensions,C:\Program Files\dotnet\sdk\5.0.405
TpTrace Information: 0 : 25176, 1, 2022/03/06, 11:31:29.912, 55312204933, vstest.console.dll, AssemblyResolver.AddSearchDirectories: Adding more searchDirectories C:\Program Files\dotnet\sdk\5.0.405\Extensions,C:\Program Files\dotnet\sdk\5.0.405
TpTrace Information: 0 : 25176, 1, 2022/03/06, 11:31:29.912, 55312205104, vstest.console.dll, AssemblyResolver.AddSearchDirectories: Adding more searchDirectories C:\Program Files\dotnet\sdk\5.0.405\Extensions,C:\Program Files\dotnet\sdk\5.0.405
TpTrace Information: 0 : 25176, 1, 2022/03/06, 11:31:29.913, 55312206743, vstest.console.dll, AssemblyResolver.OnResolve: Microsoft.Bcl.AsyncInterfaces: Resolving assembly.
TpTrace Information: 0 : 25176, 1, 2022/03/06, 11:31:29.913, 55312207025, vstest.console.dll, AssemblyResolver.OnResolve: Microsoft.Bcl.AsyncInterfaces: Resolved from cache.
TpTrace Verbose: 0 : 25176, 1, 2022/03/06, 11:31:29.913, 55312207220, vstest.console.dll, CurrentDomainAssemblyResolve: Resolving assembly 'Microsoft.Bcl.AsyncInterfaces'.
TpTrace Information: 0 : 25176, 1, 2022/03/06, 11:31:29.913, 55312207537, vstest.console.dll, AssemblyResolver.OnResolve: Microsoft.Bcl.AsyncInterfaces: Resolving assembly.
TpTrace Information: 0 : 25176, 1, 2022/03/06, 11:31:29.913, 55312207716, vstest.console.dll, AssemblyResolver.OnResolve: Microsoft.Bcl.AsyncInterfaces: Resolved from cache.
TpTrace Verbose: 0 : 25176, 1, 2022/03/06, 11:31:29.913, 55312207912, vstest.console.dll, CurrentDomainAssemblyResolve: Resolving assembly 'Microsoft.Bcl.AsyncInterfaces'.
TpTrace Verbose: 0 : 25176, 1, 2022/03/06, 11:31:29.913, 55312208120, vstest.console.dll, CurrentDomainAssemblyResolve: Failed to resolve assembly 'Microsoft.Bcl.AsyncInterfaces'.
TpTrace Verbose: 0 : 25176, 1, 2022/03/06, 11:31:29.913, 55312209243, vstest.console.dll, CurrentDomainAssemblyResolve: Failed to resolve assembly 'Microsoft.Bcl.AsyncInterfaces'.
TpTrace Warning: 0 : 25176, 1, 2022/03/06, 11:31:29.913, 55312211179, vstest.console.dll, TestPluginDiscoverer: Failed to get types from assembly 'Microsoft.Diagnostics.NETCore.Client, Version=0.2.2.41902, Culture=neutral, PublicKeyToken=31bf3856ad364e35'.  Skipping test extension scan for this assembly.  Error: System.Reflection.ReflectionTypeLoadException: Unable to load one or more of the requested types.
Could not load file or assembly 'Microsoft.Bcl.AsyncInterfaces, Version=1.0.0.0, Culture=neutral, PublicKeyToken=cc7b13ffcd2ddd51'. Das System kann die angegebene Datei nicht finden.
   at System.Reflection.RuntimeModule.GetTypes(RuntimeModule module)
   at System.Reflection.RuntimeModule.GetTypes()
   at System.Reflection.Assembly.GetTypes()
   at Microsoft.VisualStudio.TestPlatform.Common.ExtensionFramework.TestPluginDiscoverer.GetTestExtensionsFromAssembly[TPluginInfo,TExtension](Assembly assembly, Dictionary`2 pluginInfos)
System.IO.FileNotFoundException: Could not load file or assembly 'Microsoft.Bcl.AsyncInterfaces, Version=1.0.0.0, Culture=neutral, PublicKeyToken=cc7b13ffcd2ddd51'. Das System kann die angegebene Datei nicht finden.
File name: 'Microsoft.Bcl.AsyncInterfaces, Version=1.0.0.0, Culture=neutral, PublicKeyToken=cc7b13ffcd2ddd51'
TpTrace Warning: 0 : 25176, 1, 2022/03/06, 11:31:29.913, 55312211523, vstest.console.dll, LoaderExceptions: System.IO.FileNotFoundException: Could not load file or assembly 'Microsoft.Bcl.AsyncInterfaces, Version=1.0.0.0, Culture=neutral, PublicKeyToken=cc7b13ffcd2ddd51'. Das System kann die angegebene Datei nicht finden.
File name: 'Microsoft.Bcl.AsyncInterfaces, Version=1.0.0.0, Culture=neutral, PublicKeyToken=cc7b13ffcd2ddd51'
TpTrace Verbose: 0 : 25176, 1, 2022/03/06, 11:31:29.913, 55312213846, vstest.console.dll, TestPluginCache: Discovered the extensions using extension path ''.
TpTrace Verbose: 0 : 25176, 1, 2022/03/06, 11:31:29.913, 55312214183, vstest.console.dll, TestPluginCache: Discoverers are ''.
TpTrace Verbose: 0 : 25176, 1, 2022/03/06, 11:31:29.913, 55312214351, vstest.console.dll, TestPluginCache: Executors are ''.
TpTrace Verbose: 0 : 25176, 1, 2022/03/06, 11:31:29.913, 55312214505, vstest.console.dll, TestPluginCache: Executors2 are ''.
TpTrace Verbose: 0 : 25176, 1, 2022/03/06, 11:31:29.913, 55312214656, vstest.console.dll, TestPluginCache: Setting providers are ''.
TpTrace Verbose: 0 : 25176, 1, 2022/03/06, 11:31:29.913, 55312215076, vstest.console.dll, TestPluginCache: Loggers are 'logger://Microsoft/TestPlatform/Extensions/Blame/v1,logger://Microsoft/TestPlatform/HtmlLogger/v1,logger://Microsoft/TestPlatform/TrxLogger/v1'.
TpTrace Information: 0 : 25176, 1, 2022/03/06, 11:31:29.914, 55312219062, vstest.console.dll, TestPluginManager.CreateTestExtension: Attempting to load test extension: Microsoft.TestPlatform.Extensions.BlameDataCollector.BlameLogger
TpTrace Information: 0 : 25176, 1, 2022/03/06, 11:31:29.920, 55312285930, vstest.console.dll, TestPluginManager.CreateTestExtension: Attempting to load test extension: Microsoft.VisualStudio.TestPlatform.CrossPlatEngine.Hosting.DefaultTestHostManager
TpTrace Information: 0 : 25176, 1, 2022/03/06, 11:31:29.921, 55312288242, vstest.console.dll, TestPluginManager.CreateTestExtension: Attempting to load test extension: Microsoft.VisualStudio.TestPlatform.CrossPlatEngine.Hosting.DotnetTestHostManager
TpTrace Verbose: 0 : 25176, 1, 2022/03/06, 11:31:29.921, 55312291642, vstest.console.dll, TestEngine: Initializing Parallel Execution as MaxCpuCount is set to: 1
TpTrace Information: 0 : 25176, 1, 2022/03/06, 11:31:29.921, 55312295335, vstest.console.dll, InferRunSettingsHelper.IsTestSettingsEnabled: Unable to navigate to RunSettings/MSTest. Current node: RunSettings
TpTrace Verbose: 0 : 25176, 1, 2022/03/06, 11:31:29.932, 55312397266, vstest.console.dll, TestRequestSender is acting as server
TpTrace Verbose: 0 : 25176, 4, 2022/03/06, 11:31:29.934, 55312417836, vstest.console.dll, DataCollectionRequestSender.InitializeCommunication : Initialize communication. 
TpTrace Information: 0 : 25176, 4, 2022/03/06, 11:31:29.943, 55312515824, vstest.console.dll, Listening on Endpoint : 127.0.0.1:53985
TpTrace Verbose: 0 : 25176, 4, 2022/03/06, 11:31:29.951, 55312595675, vstest.console.dll, DotnetDataCollectionLauncher: Full path of dotnet.exe is C:\Program Files\dotnet\dotnet.exe
TpTrace Verbose: 0 : 25176, 4, 2022/03/06, 11:31:29.952, 55312596942, vstest.console.dll, DotnetDataCollectionLauncher: Adding  --runtimeconfig "C:\Program Files\dotnet\sdk\5.0.405\datacollector.runtimeconfig.json" in args
TpTrace Verbose: 0 : 25176, 4, 2022/03/06, 11:31:29.952, 55312597520, vstest.console.dll, DotnetDataCollectionLauncher: Adding  --depsfile "C:\Program Files\dotnet\sdk\5.0.405\datacollector.deps.json" in args
TpTrace Information: 0 : 25176, 4, 2022/03/06, 11:31:29.959, 55312667478, vstest.console.dll, ProxyDataCollectionManager.Initialize: Launched datacollector processId: 25388 port: 53985
TpTrace Information: 0 : 25176, 4, 2022/03/06, 11:31:29.959, 55312668826, vstest.console.dll, ProxyDataCollectionManager.Initialize: waiting for connection with timeout: 90 seconds
TpTrace Verbose: 0 : 25176, 4, 2022/03/06, 11:31:29.959, 55312669317, vstest.console.dll, DataCollectionRequestSender.WaitForRequestHandlerConnection : Waiting for connection with timeout: 90000
TpTrace Information: 0 : 25176, 7, 2022/03/06, 11:31:30.079, 55313870242, vstest.console.dll, Using the buffer size of 16384 bytes
TpTrace Verbose: 0 : 25176, 4, 2022/03/06, 11:31:30.079, 55313870581, vstest.console.dll, ProxyDataCollectionManager.InvokeDataCollectionServiceAction: Starting.
TpTrace Information: 0 : 25176, 7, 2022/03/06, 11:31:30.079, 55313870926, vstest.console.dll, Accepted Client request and set the flag
TpTrace Information: 0 : 25176, 4, 2022/03/06, 11:31:30.079, 55313871556, vstest.console.dll, ProxyDataCollectionManager.BeforeTestRunStart: Get environment variable and port for datacollector processId: 25388 port: 53985
TpTrace Verbose: 0 : 25176, 4, 2022/03/06, 11:31:30.079, 55313872333, vstest.console.dll, DataCollectionRequestSender.SendBeforeTestRunStartAndGetResult : Send BeforeTestRunStart message with settingsXml <RunSettings><RunConfiguration><ResultsDirectory>C:\Users\D3NCE\OneDrive\Desktop\RentNScoot\RentNScoot.Application.UT\bin\Debug\netcoreapp3.1\fine-code-coverage\coverage-tool-output</ResultsDirectory><TargetPlatform>X64</TargetPlatform><TargetFrameworkVersion>.NETCoreApp,Version=v3.1</TargetFrameworkVersion><DesignMode>False</DesignMode><CollectSourceInformation>False</CollectSourceInformation><TestAdaptersPaths>C:\Program Files\dotnet\sdk\5.0.405\Extensions</TestAdaptersPaths></RunConfiguration><LoggerRunSettings><Loggers><Logger friendlyName="blame" enabled="True" /><Logger friendlyName="Console" uri="logger://microsoft/TestPlatform/ConsoleLogger/v1" assemblyQualifiedName="Microsoft.VisualStudio.TestPlatform.CommandLine.Internal.ConsoleLogger, vstest.console, Version=15.0.0.0, Culture=neutral, PublicKeyToken=b03f5f7f11d50a3a" codeBase="C:\Program Files\dotnet\sdk\5.0.405\vstest.console.dll" enabled="True" /></Loggers></LoggerRunSettings><DataCollectionRunSettings><DataCollectors><DataCollector friendlyName="blame" enabled="True"><Configuration><ResultsDirectory>C:\Users\D3NCE\OneDrive\Desktop\RentNScoot\RentNScoot.Application.UT\bin\Debug\netcoreapp3.1\fine-code-coverage\coverage-tool-output</ResultsDirectory></Configuration></DataCollector></DataCollectors></DataCollectionRunSettings></RunSettings> and sources System.Linq.Enumerable+Concat2Iterator`1[System.String]: 
TpTrace Verbose: 0 : 25176, 4, 2022/03/06, 11:31:30.128, 55314360897, vstest.console.dll, DataCollectionRequestSender.SendBeforeTestRunStartAndGetResult : Received message: (DataCollection.SendMessage) -> {
  "FriendlyName": null,
  "Uri": null,
  "TestCaseId": "00000000-0000-0000-0000-000000000000",
  "Message": "Logging DataCollector Diagnostics in file: C:\\Users\\D3NCE\\OneDrive\\Desktop\\RentNScoot\\RentNScoot.Application.UT\\bin\\Debug\\netcoreapp3.1\\fine-code-coverage\\coverage-tool-output\\diagnostics.datacollector.22-03-06_11-31-29_94858_4.log",
  "Level": 0
}
TpTrace Information: 0 : 25176, 4, 2022/03/06, 11:31:30.132, 55314397782, vstest.console.dll, AssemblyResolver.OnResolve: Microsoft.VisualStudio.TestPlatform.Common.resources: Resolving assembly.
TpTrace Information: 0 : 25176, 4, 2022/03/06, 11:31:30.132, 55314398203, vstest.console.dll, AssemblyResolver.OnResolve: Microsoft.VisualStudio.TestPlatform.Common.resources: Searching in: 'C:\Program Files\dotnet\sdk\5.0.405\Extensions'.
TpTrace Information: 0 : 25176, 4, 2022/03/06, 11:31:30.132, 55314398739, vstest.console.dll, AssemblyResolver.OnResolve: Microsoft.VisualStudio.TestPlatform.Common.resources: Assembly path does not exist: 'C:\Program Files\dotnet\sdk\5.0.405\Extensions\Microsoft.VisualStudio.TestPlatform.Common.resources.dll', returning.
TpTrace Information: 0 : 25176, 4, 2022/03/06, 11:31:30.132, 55314399266, vstest.console.dll, AssemblyResolver.OnResolve: Microsoft.VisualStudio.TestPlatform.Common.resources: Assembly path does not exist: 'C:\Program Files\dotnet\sdk\5.0.405\Extensions\Microsoft.VisualStudio.TestPlatform.Common.resources.exe', returning.
TpTrace Information: 0 : 25176, 4, 2022/03/06, 11:31:30.132, 55314399472, vstest.console.dll, AssemblyResolver.OnResolve: Microsoft.VisualStudio.TestPlatform.Common.resources: Searching in: 'C:\Program Files\dotnet\sdk\5.0.405'.
TpTrace Information: 0 : 25176, 4, 2022/03/06, 11:31:30.132, 55314399915, vstest.console.dll, AssemblyResolver.OnResolve: Microsoft.VisualStudio.TestPlatform.Common.resources: Assembly path does not exist: 'C:\Program Files\dotnet\sdk\5.0.405\Microsoft.VisualStudio.TestPlatform.Common.resources.dll', returning.
TpTrace Information: 0 : 25176, 4, 2022/03/06, 11:31:30.132, 55314400326, vstest.console.dll, AssemblyResolver.OnResolve: Microsoft.VisualStudio.TestPlatform.Common.resources: Assembly path does not exist: 'C:\Program Files\dotnet\sdk\5.0.405\Microsoft.VisualStudio.TestPlatform.Common.resources.exe', returning.
TpTrace Information: 0 : 25176, 4, 2022/03/06, 11:31:30.132, 55314400548, vstest.console.dll, AssemblyResolver.OnResolve: Microsoft.VisualStudio.TestPlatform.Common.resources: Failed to load assembly.
TpTrace Verbose: 0 : 25176, 4, 2022/03/06, 11:31:30.172, 55314797761, vstest.console.dll, DataCollectionRequestSender.SendBeforeTestRunStartAndGetResult : Received message: (DataCollection.BeforeTestRunStartResult) -> {
  "EnvironmentVariables": {},
  "DataCollectionEventsPort": 53988
}
TpTrace Information: 0 : 25176, 4, 2022/03/06, 11:31:30.174, 55314823042, vstest.console.dll, ProxyDataCollectionManager.BeforeTestRunStart: SendBeforeTestRunStartAndGetResult successful, env variable from datacollector:   and testhost port: 53988
TpTrace Information: 0 : 25176, 4, 2022/03/06, 11:31:30.174, 55314823550, vstest.console.dll, ProxyDataCollectionManager.InvokeDataCollectionServiceAction: Completed.
TpTrace Verbose: 0 : 25176, 1, 2022/03/06, 11:31:30.174, 55314824635, vstest.console.dll, TestRunRequest.ExecuteAsync: Creating test run request.
TpTrace Verbose: 0 : 25176, 1, 2022/03/06, 11:31:30.175, 55314826834, vstest.console.dll, TestRunRequest.ExecuteAsync: Starting.
TpTrace Information: 0 : 25176, 1, 2022/03/06, 11:31:30.175, 55314828618, vstest.console.dll, TestRunRequest.ExecuteAsync: Starting run with settings:TestRunCriteria:
   KeepAlive=False,FrequencyOfRunStatsChangeEvent=10,RunStatsChangeEventTimeout=00:00:01.5000000,TestCaseFilter=,TestExecutorLauncher=
   Settingsxml=<RunSettings>
  <RunConfiguration>
    <ResultsDirectory>C:\Users\D3NCE\OneDrive\Desktop\RentNScoot\RentNScoot.Application.UT\bin\Debug\netcoreapp3.1\fine-code-coverage\coverage-tool-output</ResultsDirectory>
    <TargetPlatform>X64</TargetPlatform>
    <TargetFrameworkVersion>.NETCoreApp,Version=v3.1</TargetFrameworkVersion>
    <DesignMode>False</DesignMode>
    <CollectSourceInformation>False</CollectSourceInformation>
  </RunConfiguration>
  <LoggerRunSettings>
    <Loggers>
      <Logger friendlyName="blame" enabled="True" />
      <Logger friendlyName="Console" uri="logger://microsoft/TestPlatform/ConsoleLogger/v1" assemblyQualifiedName="Microsoft.VisualStudio.TestPlatform.CommandLine.Internal.ConsoleLogger, vstest.console, Version=15.0.0.0, Culture=neutral, PublicKeyToken=b03f5f7f11d50a3a" codeBase="C:\Program Files\dotnet\sdk\5.0.405\vstest.console.dll" enabled="True" />
    </Loggers>
  </LoggerRunSettings>
  <DataCollectionRunSettings>
    <DataCollectors>
      <DataCollector friendlyName="blame" enabled="True">
        <Configuration>
          <ResultsDirectory>C:\Users\D3NCE\OneDrive\Desktop\RentNScoot\RentNScoot.Application.UT\bin\Debug\netcoreapp3.1\fine-code-coverage\coverage-tool-output</ResultsDirectory>
        </Configuration>
      </DataCollector>
    </DataCollectors>
  </DataCollectionRunSettings>
</RunSettings>

TpTrace Verbose: 0 : 25176, 1, 2022/03/06, 11:31:30.175, 55314828992, vstest.console.dll, TestRunRequest.ExecuteAsync: Wait for the first run request is over.
TpTrace Verbose: 0 : 25176, 1, 2022/03/06, 11:31:30.175, 55314831787, vstest.console.dll, ParallelProxyExecutionManager: Start execution. Total sources: 1
TpTrace Information: 0 : 25176, 1, 2022/03/06, 11:31:30.175, 55314835498, vstest.console.dll, ProxyParallelExecutionManager: Triggering test run for next source: C:\Users\D3NCE\OneDrive\Desktop\RentNScoot\RentNScoot.Application.UT\bin\Debug\netcoreapp3.1\fine-code-coverage\build-output\RentNScoot.Application.UT.dll
TpTrace Verbose: 0 : 25176, 4, 2022/03/06, 11:31:30.175, 55314836474, vstest.console.dll, ParallelProxyExecutionManager: Execution started. Started clients: 1
TpTrace Verbose: 0 : 25176, 1, 2022/03/06, 11:31:30.176, 55314836735, vstest.console.dll, ProxyParallelExecutionManager: No sources available for execution.
TpTrace Information: 0 : 25176, 1, 2022/03/06, 11:31:30.176, 55314837049, vstest.console.dll, TestRunRequest.ExecuteAsync: Started.
TpTrace Verbose: 0 : 25176, 1, 2022/03/06, 11:31:30.176, 55314837466, vstest.console.dll, TestRunRequest.WaitForCompletion: Waiting with timeout -1.
TpTrace Verbose: 0 : 25176, 4, 2022/03/06, 11:31:30.176, 55314838305, vstest.console.dll, TestRunRequest:SendTestRunMessage: Starting.
TpTrace Information: 0 : 25176, 4, 2022/03/06, 11:31:30.176, 55314839072, vstest.console.dll, TestRunRequest:SendTestRunMessage: Completed.
TpTrace Verbose: 0 : 25176, 4, 2022/03/06, 11:31:30.176, 55314840375, vstest.console.dll, ProxyExecutionManager: Test host is always Lazy initialize.
TpTrace Verbose: 0 : 25176, 4, 2022/03/06, 11:31:30.176, 55314841892, vstest.console.dll, TestRequestSender.InitializeCommunication: initialize communication. 
TpTrace Information: 0 : 25176, 4, 2022/03/06, 11:31:30.176, 55314845903, vstest.console.dll, SocketServer.Start: Listening on endpoint : 127.0.0.1:53989
TpTrace Verbose: 0 : 25176, 4, 2022/03/06, 11:31:30.177, 55314850597, vstest.console.dll, DotnetTestHostmanager: Adding  --runtimeconfig "C:\Users\D3NCE\OneDrive\Desktop\RentNScoot\RentNScoot.Application.UT\bin\Debug\netcoreapp3.1\fine-code-coverage\build-output\RentNScoot.Application.UT.runtimeconfig.json" in args
TpTrace Verbose: 0 : 25176, 4, 2022/03/06, 11:31:30.177, 55314851264, vstest.console.dll, DotnetTestHostmanager: Adding  --depsfile "C:\Users\D3NCE\OneDrive\Desktop\RentNScoot\RentNScoot.Application.UT\bin\Debug\netcoreapp3.1\fine-code-coverage\build-output\RentNScoot.Application.UT.deps.json" in args
TpTrace Verbose: 0 : 25176, 4, 2022/03/06, 11:31:30.177, 55314853338, vstest.console.dll, DotnetTestHostManager: Testhost.exe/testhost.x86.exe found at path: C:\Users\D3NCE\OneDrive\Desktop\RentNScoot\RentNScoot.Application.UT\bin\Debug\netcoreapp3.1\fine-code-coverage\build-output\testhost.exe
TpTrace Verbose: 0 : 25176, 4, 2022/03/06, 11:31:30.177, 55314853802, vstest.console.dll, DotnetTestHostmanager: Full path of host exe is C:\Users\D3NCE\OneDrive\Desktop\RentNScoot\RentNScoot.Application.UT\bin\Debug\netcoreapp3.1\fine-code-coverage\build-output\testhost.exe
TpTrace Verbose: 0 : 25176, 6, 2022/03/06, 11:31:30.178, 55314859772, vstest.console.dll, DotnetTestHostManager: Starting process 'C:\Users\D3NCE\OneDrive\Desktop\RentNScoot\RentNScoot.Application.UT\bin\Debug\netcoreapp3.1\fine-code-coverage\build-output\testhost.exe' with command line ' --runtimeconfig "C:\Users\D3NCE\OneDrive\Desktop\RentNScoot\RentNScoot.Application.UT\bin\Debug\netcoreapp3.1\fine-code-coverage\build-output\RentNScoot.Application.UT.runtimeconfig.json" --depsfile "C:\Users\D3NCE\OneDrive\Desktop\RentNScoot\RentNScoot.Application.UT\bin\Debug\netcoreapp3.1\fine-code-coverage\build-output\RentNScoot.Application.UT.deps.json" --port 53989 --endpoint 127.0.0.1:053989 --role client --parentprocessid 25176 --diag "C:\Users\D3NCE\OneDrive\Desktop\RentNScoot\RentNScoot.Application.UT\bin\Debug\netcoreapp3.1\fine-code-coverage\coverage-tool-output\diagnostics.host.22-03-06_11-31-30_17713_4.log" --tracelevel 4 --datacollectionport 53988 --telemetryoptedin false'
TpTrace Verbose: 0 : 25176, 6, 2022/03/06, 11:31:30.181, 55314890963, vstest.console.dll, Test Runtime launched
TpTrace Verbose: 0 : 25176, 4, 2022/03/06, 11:31:30.181, 55314894812, vstest.console.dll, TestRequestSender.WaitForRequestHandlerConnection: waiting for connection with timeout: 90000
TpTrace Verbose: 0 : 25176, 6, 2022/03/06, 11:31:30.302, 55316101668, vstest.console.dll, SocketServer.OnClientConnected: Client connected for endPoint: 127.0.0.1:53989, starting MessageLoopAsync:
TpTrace Verbose: 0 : 25176, 14, 2022/03/06, 11:31:30.302, 55316104019, vstest.console.dll, TcpClientExtensions.MessageLoopAsync: Polling on remoteEndPoint: 127.0.0.1:53990 localEndPoint: 127.0.0.1:53989
TpTrace Verbose: 0 : 25176, 14, 2022/03/06, 11:31:30.400, 55317081549, vstest.console.dll, TcpClientExtensions.MessageLoopAsync: NotifyDataAvailable remoteEndPoint: 127.0.0.1:53990 localEndPoint: 127.0.0.1:53989
TpTrace Verbose: 0 : 25176, 14, 2022/03/06, 11:31:30.400, 55317083768, vstest.console.dll, TestRequestSender.CheckVersionWithTestHost: onMessageReceived received message: (ProtocolVersion) -> 5
TpTrace Verbose: 0 : 25176, 14, 2022/03/06, 11:31:30.401, 55317086737, vstest.console.dll, TcpClientExtensions.MessageLoopAsync: Polling on remoteEndPoint: 127.0.0.1:53990 localEndPoint: 127.0.0.1:53989
TpTrace Verbose: 0 : 25176, 4, 2022/03/06, 11:31:30.401, 55317087427, vstest.console.dll, TestPluginCache.GetExtensionPaths: Filtered extension paths: 
TpTrace Verbose: 0 : 25176, 4, 2022/03/06, 11:31:30.401, 55317087872, vstest.console.dll, TestPluginCache.GetExtensionPaths: Added default extension paths: C:\Program Files\dotnet\sdk\5.0.405\Extensions\Microsoft.Diagnostics.NETCore.Client.dll
C:\Program Files\dotnet\sdk\5.0.405\Extensions\Microsoft.TestPlatform.Extensions.BlameDataCollector.dll
C:\Program Files\dotnet\sdk\5.0.405\Extensions\Microsoft.TestPlatform.Extensions.EventLogCollector.dll
C:\Program Files\dotnet\sdk\5.0.405\Extensions\Microsoft.TestPlatform.TestHostRuntimeProvider.dll
C:\Program Files\dotnet\sdk\5.0.405\Extensions\Microsoft.VisualStudio.TestPlatform.Extensions.Html.TestLogger.dll
C:\Program Files\dotnet\sdk\5.0.405\Extensions\Microsoft.VisualStudio.TestPlatform.Extensions.Trx.TestLogger.dll
TpTrace Verbose: 0 : 25176, 4, 2022/03/06, 11:31:30.401, 55317088077, vstest.console.dll, TestPluginCache.GetExtensionPaths: Added unfilterableExtensionPaths: 
TpTrace Verbose: 0 : 25176, 4, 2022/03/06, 11:31:30.403, 55317110696, vstest.console.dll, TestRequestSender.InitializeExecution: Sending initializing execution with message: {"Version":5,"MessageType":"TestExecution.Initialize","Payload":["C:\\Users\\D3NCE\\OneDrive\\Desktop\\RentNScoot\\RentNScoot.Application.UT\\bin\\Debug\\netcoreapp3.1\\fine-code-coverage\\build-output\\Microsoft.VisualStudio.TestPlatform.MSTest.TestAdapter.dll"]}
TpTrace Verbose: 0 : 25176, 14, 2022/03/06, 11:31:30.408, 55317160777, vstest.console.dll, TcpClientExtensions.MessageLoopAsync: NotifyDataAvailable remoteEndPoint: 127.0.0.1:53990 localEndPoint: 127.0.0.1:53989
TpTrace Verbose: 0 : 25176, 14, 2022/03/06, 11:31:30.408, 55317161927, vstest.console.dll, TestRequestSender.OnExecutionMessageReceived: Received message: {"Version":5,"MessageType":"TestSession.Message","Payload":{"MessageLevel":0,"Message":"Die TestHost-Diagnose wird in der Datei C:\\Users\\D3NCE\\OneDrive\\Desktop\\RentNScoot\\RentNScoot.Application.UT\\bin\\Debug\\netcoreapp3.1\\fine-code-coverage\\coverage-tool-output\\diagnostics.host.22-03-06_11-31-30_17713_4.log protokolliert."}}
TpTrace Verbose: 0 : 25176, 4, 2022/03/06, 11:31:30.408, 55317165753, vstest.console.dll, TestRequestSender.StartTestRun: Sending test run with message: {"Version":5,"MessageType":"TestExecution.StartWithSources","Payload":{"AdapterSourceMap":{"_none_":["C:\\Users\\D3NCE\\OneDrive\\Desktop\\RentNScoot\\RentNScoot.Application.UT\\bin\\Debug\\netcoreapp3.1\\fine-code-coverage\\build-output\\RentNScoot.Application.UT.dll"]},"RunSettings":"<RunSettings>\r\n  <RunConfiguration>\r\n    <ResultsDirectory>C:\\Users\\D3NCE\\OneDrive\\Desktop\\RentNScoot\\RentNScoot.Application.UT\\bin\\Debug\\netcoreapp3.1\\fine-code-coverage\\coverage-tool-output</ResultsDirectory>\r\n    <TargetPlatform>X64</TargetPlatform>\r\n    <TargetFrameworkVersion>.NETCoreApp,Version=v3.1</TargetFrameworkVersion>\r\n    <DesignMode>False</DesignMode>\r\n    <CollectSourceInformation>False</CollectSourceInformation>\r\n  </RunConfiguration>\r\n  <LoggerRunSettings>\r\n    <Loggers>\r\n      <Logger friendlyName=\"blame\" enabled=\"True\" />\r\n      <Logger friendlyName=\"Console\" uri=\"logger://microsoft/TestPlatform/ConsoleLogger/v1\" assemblyQualifiedName=\"Microsoft.VisualStudio.TestPlatform.CommandLine.Internal.ConsoleLogger, vstest.console, Version=15.0.0.0, Culture=neutral, PublicKeyToken=b03f5f7f11d50a3a\" codeBase=\"C:\\Program Files\\dotnet\\sdk\\5.0.405\\vstest.console.dll\" enabled=\"True\" />\r\n    </Loggers>\r\n  </LoggerRunSettings>\r\n  <DataCollectionRunSettings>\r\n    <DataCollectors>\r\n      <DataCollector friendlyName=\"blame\" enabled=\"True\">\r\n        <Configuration>\r\n          <ResultsDirectory>C:\\Users\\D3NCE\\OneDrive\\Desktop\\RentNScoot\\RentNScoot.Application.UT\\bin\\Debug\\netcoreapp3.1\\fine-code-coverage\\coverage-tool-output</ResultsDirectory>\r\n        </Configuration>\r\n      </DataCollector>\r\n    </DataCollectors>\r\n  </DataCollectionRunSettings>\r\n</RunSettings>","TestExecutionContext":{"FrequencyOfRunStatsChangeEvent":10,"RunStatsChangeEventTimeout":"00:00:01.5000000","InIsolation":false,"KeepAlive":false,"AreTestCaseLevelEventsRequired":false,"IsDebug":false,"TestCaseFilter":null,"FilterOptions":null},"Package":null}}
TpTrace Verbose: 0 : 25176, 14, 2022/03/06, 11:31:30.409, 55317173777, vstest.console.dll, TestRunRequest:SendTestRunMessage: Starting.
TpTrace Information: 0 : 25176, 14, 2022/03/06, 11:31:30.409, 55317174327, vstest.console.dll, TestRunRequest:SendTestRunMessage: Completed.
TpTrace Verbose: 0 : 25176, 14, 2022/03/06, 11:31:30.409, 55317174535, vstest.console.dll, TcpClientExtensions.MessageLoopAsync: Polling on remoteEndPoint: 127.0.0.1:53990 localEndPoint: 127.0.0.1:53989
TpTrace Verbose: 0 : 25176, 14, 2022/03/06, 11:31:30.671, 55319789333, vstest.console.dll, TcpClientExtensions.MessageLoopAsync: NotifyDataAvailable remoteEndPoint: 127.0.0.1:53990 localEndPoint: 127.0.0.1:53989
TpTrace Verbose: 0 : 25176, 14, 2022/03/06, 11:31:30.671, 55319792191, vstest.console.dll, TestRequestSender.OnExecutionMessageReceived: Received message: {"Version":5,"MessageType":"TestExecution.Completed","Payload":{"TestRunCompleteArgs":{"TestRunStatistics":{"ExecutedTests":8,"Stats":{"Passed":8}},"IsCanceled":false,"IsAborted":false,"Error":null,"AttachmentSets":[],"ElapsedTimeInRunningTests":"00:00:00.1505337","Metrics":{}},"LastRunTests":{"NewTestResults":[{"TestCase":{"Id":"d677370c-100e-1aac-0302-4279b73e847f","FullyQualifiedName":"RentNScoot.Application.UT.ApplicationTests.InitDataRead_CreateDataReadInstance","DisplayName":"InitDataRead_CreateDataReadInstance","ExecutorUri":"executor://MSTestAdapter/v2","Source":"C:\\Users\\D3NCE\\OneDrive\\Desktop\\RentNScoot\\RentNScoot.Application.UT\\bin\\Debug\\netcoreapp3.1\\fine-code-coverage\\build-output\\RentNScoot.Application.UT.dll","CodeFilePath":null,"LineNumber":-1,"Properties":[{"Key":{"Id":"TestCase.ManagedType","Label":"ManagedType","Category":"","Description":"","Attributes":1,"ValueType":"System.String"},"Value":"RentNScoot.Application.UT.ApplicationTests"},{"Key":{"Id":"TestCase.ManagedMethod","Label":"ManagedMethod","Category":"","Description":"","Attributes":1,"ValueType":"System.String"},"Value":"InitDataRead_CreateDataReadInstance"},{"Key":{"Id":"MSTestDiscoverer.TestClassName","Label":"ClassName","Category":"","Description":"","Attributes":1,"ValueType":"System.String"},"Value":"RentNScoot.Application.UT.ApplicationTests"},{"Key":{"Id":"TestObject.Traits","Label":"Traits","Category":"","Description":"","Attributes":5,"ValueType":"System.Collections.Generic.KeyValuePair`2[[System.String],[System.String]][]"},"Value":[]}]},"Attachments":[],"Outcome":1,"ErrorMessage":null,"ErrorStackTrace":null,"DisplayName":null,"Messages":[],"ComputerName":null,"Duration":"00:00:00.0059307","StartTime":"2022-03-06T11:31:30.5815921+01:00","EndTime":"2022-03-06T11:31:30.6061646+01:00","Properties":[{"Key":{"Id":"ExecutionId","Label":"ExecutionId","Category":"","Description":"","Attributes":1,"ValueType":"System.Guid"},"Value":"00000000-0000-0000-0000-000000000000"},{"Key":{"Id":"ParentExecId","Label":"ParentExecId","Category":"","Description":"","Attributes":1,"ValueType":"System.Guid"},"Value":"00000000-0000-0000-0000-000000000000"},{"Key":{"Id":"InnerResultsCount","Label":"InnerResultsCount","Category":"","Description":"","Attributes":1,"ValueType":"System.Int32"},"Value":0}]},{"TestCase":{"Id":"d5a84e77-fb85-fb91-9e31-be1af16d8469","FullyQualifiedName":"RentNScoot.Application.UT.ApplicationTests.InitDataWrite_CreateDataWriteInstance","DisplayName":"InitDataWrite_CreateDataWriteInstance","ExecutorUri":"executor://MSTestAdapter/v2","Source":"C:\\Users\\D3NCE\\OneDrive\\Desktop\\RentNScoot\\RentNScoot.Application.UT\\bin\\Debug\\netcoreapp3.1\\fine-code-coverage\\build-output\\RentNScoot.Application.UT.dll","CodeFilePath":null,"LineNumber":-1,"Properties":[{"Key":{"Id":"TestCase.ManagedType","Label":"ManagedType","Category":"","Description":"","Attributes":1,"ValueType":"System.String"},"Value":"RentNScoot.Application.UT.ApplicationTests"},{"Key":{"Id":"TestCase.ManagedMethod","Label":"ManagedMethod","Category":"","Description":"","Attributes":1,"ValueType":"System.String"},"Value":"InitDataWrite_CreateDataWriteInstance"},{"Key":{"Id":"MSTestDiscoverer.TestClassName","Label":"ClassName","Category":"","Description":"","Attributes":1,"ValueType":"System.String"},"Value":"RentNScoot.Application.UT.ApplicationTests"},{"Key":{"Id":"TestObject.Traits","Label":"Traits","Category":"","Description":"","Attributes":5,"ValueType":"System.Collections.Generic.KeyValuePair`2[[System.String],[System.String]][]"},"Value":[]}]},"Attachments":[],"Outcome":1,"ErrorMessage":null,"ErrorStackTrace":null,"DisplayName":null,"Messages":[],"ComputerName":null,"Duration":"00:00:00.0004693","StartTime":"2022-03-06T11:31:30.6222113+01:00","EndTime":"2022-03-06T11:31:30.6228951+01:00","Properties":[{"Key":{"Id":"ExecutionId","Label":"ExecutionId","Category":"","Description":"","Attributes":1,"ValueType":"System.Guid"},"Value":"00000000-0000-0000-0000-000000000000"},{"Key":{"Id":"ParentExecId","Label":"ParentExecId","Category":"","Description":"","Attributes":1,"ValueType":"System.Guid"},"Value":"00000000-0000-0000-0000-000000000000"},{"Key":{"Id":"InnerResultsCount","Label":"InnerResultsCount","Category":"","Description":"","Attributes":1,"ValueType":"System.Int32"},"Value":0}]},{"TestCase":{"Id":"30afe25c-1a7e-4fb7-5efe-63e1c2bd2861","FullyQualifiedName":"RentNScoot.Application.UT.ApplicationTests.CAppQueries_GetFilledObjectFromDatabase_LocationList","DisplayName":"CAppQueries_GetFilledObjectFromDatabase_LocationList","ExecutorUri":"executor://MSTestAdapter/v2","Source":"C:\\Users\\D3NCE\\OneDrive\\Desktop\\RentNScoot\\RentNScoot.Application.UT\\bin\\Debug\\netcoreapp3.1\\fine-code-coverage\\build-output\\RentNScoot.Application.UT.dll","CodeFilePath":null,"LineNumber":-1,"Properties":[{"Key":{"Id":"TestCase.ManagedType","Label":"ManagedType","Category":"","Description":"","Attributes":1,"ValueType":"System.String"},"Value":"RentNScoot.Application.UT.ApplicationTests"},{"Key":{"Id":"TestCase.ManagedMethod","Label":"ManagedMethod","Category":"","Description":"","Attributes":1,"ValueType":"System.String"},"Value":"CAppQueries_GetFilledObjectFromDatabase_LocationList"},{"Key":{"Id":"MSTestDiscoverer.TestClassName","Label":"ClassName","Category":"","Description":"","Attributes":1,"ValueType":"System.String"},"Value":"RentNScoot.Application.UT.ApplicationTests"},{"Key":{"Id":"TestObject.Traits","Label":"Traits","Category":"","Description":"","Attributes":5,"ValueType":"System.Collections.Generic.KeyValuePair`2[[System.String],[System.String]][]"},"Value":[]}]},"Attachments":[],"Outcome":1,"ErrorMessage":null,"ErrorStackTrace":null,"DisplayName":null,"Messages":[],"ComputerName":null,"Duration":"00:00:00.0015311","StartTime":"2022-03-06T11:31:30.6249092+01:00","EndTime":"2022-03-06T11:31:30.6266257+01:00","Properties":[{"Key":{"Id":"ExecutionId","Label":"ExecutionId","Category":"","Description":"","Attributes":1,"ValueType":"System.Guid"},"Value":"00000000-0000-0000-0000-000000000000"},{"Key":{"Id":"ParentExecId","Label":"ParentExecId","Category":"","Description":"","Attributes":1,"ValueType":"System.Guid"},"Value":"00000000-0000-0000-0000-000000000000"},{"Key":{"Id":"InnerResultsCount","Label":"InnerResultsCount","Category":"","Description":"","Attributes":1,"ValueType":"System.Int32"},"Value":0}]},{"TestCase":{"Id":"ce4b5761-0522-f20e-e3e1-9001b4bbef00","FullyQualifiedName":"RentNScoot.Application.UT.ApplicationTests.CAppQueries_GetCorrectObjectFromDatabase_LocationList","DisplayName":"CAppQueries_GetCorrectObjectFromDatabase_LocationList","ExecutorUri":"executor://MSTestAdapter/v2","Source":"C:\\Users\\D3NCE\\OneDrive\\Desktop\\RentNScoot\\RentNScoot.Application.UT\\bin\\Debug\\netcoreapp3.1\\fine-code-coverage\\build-output\\RentNScoot.Application.UT.dll","CodeFilePath":null,"LineNumber":-1,"Properties":[{"Key":{"Id":"TestCase.ManagedType","Label":"ManagedType","Category":"","Description":"","Attributes":1,"ValueType":"System.String"},"Value":"RentNScoot.Application.UT.ApplicationTests"},{"Key":{"Id":"TestCase.ManagedMethod","Label":"ManagedMethod","Category":"","Description":"","Attributes":1,"ValueType":"System.String"},"Value":"CAppQueries_GetCorrectObjectFromDatabase_LocationList"},{"Key":{"Id":"MSTestDiscoverer.TestClassName","Label":"ClassName","Category":"","Description":"","Attributes":1,"ValueType":"System.String"},"Value":"RentNScoot.Application.UT.ApplicationTests"},{"Key":{"Id":"TestObject.Traits","Label":"Traits","Category":"","Description":"","Attributes":5,"ValueType":"System.Collections.Generic.KeyValuePair`2[[System.String],[System.String]][]"},"Value":[]}]},"Attachments":[],"Outcome":1,"ErrorMessage":null,"ErrorStackTrace":null,"DisplayName":null,"Messages":[],"ComputerName":null,"Duration":"00:00:00.0010591","StartTime":"2022-03-06T11:31:30.6288566+01:00","EndTime":"2022-03-06T11:31:30.6301165+01:00","Properties":[{"Key":{"Id":"ExecutionId","Label":"ExecutionId","Category":"","Description":"","Attributes":1,"ValueType":"System.Guid"},"Value":"00000000-0000-0000-0000-000000000000"},{"Key":{"Id":"ParentExecId","Label":"ParentExecId","Category":"","Description":"","Attributes":1,"ValueType":"System.Guid"},"Value":"00000000-0000-0000-0000-000000000000"},{"Key":{"Id":"InnerResultsCount","Label":"InnerResultsCount","Category":"","Description":"","Attributes":1,"ValueType":"System.Int32"},"Value":0}]},{"TestCase":{"Id":"e6393dc7-6ad2-5011-2ddd-40d7399a705a","FullyQualifiedName":"RentNScoot.Application.UT.ApplicationTests.CAppQueries_GetFilledObjectFromDatabase_ScooterToLocation","DisplayName":"CAppQueries_GetFilledObjectFromDatabase_ScooterToLocation","ExecutorUri":"executor://MSTestAdapter/v2","Source":"C:\\Users\\D3NCE\\OneDrive\\Desktop\\RentNScoot\\RentNScoot.Application.UT\\bin\\Debug\\netcoreapp3.1\\fine-code-coverage\\build-output\\RentNScoot.Application.UT.dll","CodeFilePath":null,"LineNumber":-1,"Properties":[{"Key":{"Id":"TestCase.ManagedType","Label":"ManagedType","Category":"","Description":"","Attributes":1,"ValueType":"System.String"},"Value":"RentNScoot.Application.UT.ApplicationTests"},{"Key":{"Id":"TestCase.ManagedMethod","Label":"ManagedMethod","Category":"","Description":"","Attributes":1,"ValueType":"System.String"},"Value":"CAppQueries_GetFilledObjectFromDatabase_ScooterToLocation"},{"Key":{"Id":"MSTestDiscoverer.TestClassName","Label":"ClassName","Category":"","Description":"","Attributes":1,"ValueType":"System.String"},"Value":"RentNScoot.Application.UT.ApplicationTests"},{"Key":{"Id":"TestObject.Traits","Label":"Traits","Category":"","Description":"","Attributes":5,"ValueType":"System.Collections.Generic.KeyValuePair`2[[System.String],[System.String]][]"},"Value":[]}]},"Attachments":[],"Outcome":1,"ErrorMessage":null,"ErrorStackTrace":null,"DisplayName":null,"Messages":[],"ComputerName":null,"Duration":"00:00:00.0010088","StartTime":"2022-03-06T11:31:30.6320517+01:00","EndTime":"2022-03-06T11:31:30.6332123+01:00","Properties":[{"Key":{"Id":"ExecutionId","Label":"ExecutionId","Category":"","Description":"","Attributes":1,"ValueType":"System.Guid"},"Value":"00000000-0000-0000-0000-000000000000"},{"Key":{"Id":"ParentExecId","Label":"ParentExecId","Category":"","Description":"","Attributes":1,"ValueType":"System.Guid"},"Value":"00000000-0000-0000-0000-000000000000"},{"Key":{"Id":"InnerResultsCount","Label":"InnerResultsCount","Category":"","Description":"","Attributes":1,"ValueType":"System.Int32"},"Value":0}]},{"TestCase":{"Id":"5a475e46-048e-9080-57ac-a8030bf16437","FullyQualifiedName":"RentNScoot.Application.UT.ApplicationTests.CAppQueries_GetCorrectObjectFromDatabase_ScooterToLocation","DisplayName":"CAppQueries_GetCorrectObjectFromDatabase_ScooterToLocation","ExecutorUri":"executor://MSTestAdapter/v2","Source":"C:\\Users\\D3NCE\\OneDrive\\Desktop\\RentNScoot\\RentNScoot.Application.UT\\bin\\Debug\\netcoreapp3.1\\fine-code-coverage\\build-output\\RentNScoot.Application.UT.dll","CodeFilePath":null,"LineNumber":-1,"Properties":[{"Key":{"Id":"TestCase.ManagedType","Label":"ManagedType","Category":"","Description":"","Attributes":1,"ValueType":"System.String"},"Value":"RentNScoot.Application.UT.ApplicationTests"},{"Key":{"Id":"TestCase.ManagedMethod","Label":"ManagedMethod","Category":"","Description":"","Attributes":1,"ValueType":"System.String"},"Value":"CAppQueries_GetCorrectObjectFromDatabase_ScooterToLocation"},{"Key":{"Id":"MSTestDiscoverer.TestClassName","Label":"ClassName","Category":"","Description":"","Attributes":1,"ValueType":"System.String"},"Value":"RentNScoot.Application.UT.ApplicationTests"},{"Key":{"Id":"TestObject.Traits","Label":"Traits","Category":"","Description":"","Attributes":5,"ValueType":"System.Collections.Generic.KeyValuePair`2[[System.String],[System.String]][]"},"Value":[]}]},"Attachments":[],"Outcome":1,"ErrorMessage":null,"ErrorStackTrace":null,"DisplayName":null,"Messages":[],"ComputerName":null,"Duration":"00:00:00.0005967","StartTime":"2022-03-06T11:31:30.6347827+01:00","EndTime":"2022-03-06T11:31:30.635514+01:00","Properties":[{"Key":{"Id":"ExecutionId","Label":"ExecutionId","Category":"","Description":"","Attributes":1,"ValueType":"System.Guid"},"Value":"00000000-0000-0000-0000-000000000000"},{"Key":{"Id":"ParentExecId","Label":"ParentExecId","Category":"","Description":"","Attributes":1,"ValueType":"System.Guid"},"Value":"00000000-0000-0000-0000-000000000000"},{"Key":{"Id":"InnerResultsCount","Label":"InnerResultsCount","Category":"","Description":"","Attributes":1,"ValueType":"System.Int32"},"Value":0}]},{"TestCase":{"Id":"e3a9c938-d53d-c87b-b3c0-6c3149eedc7d","FullyQualifiedName":"RentNScoot.Application.UT.ApplicationTests.CAppQueries_GetFilledObjectFromDatabase_CustomerById","DisplayName":"CAppQueries_GetFilledObjectFromDatabase_CustomerById","ExecutorUri":"executor://MSTestAdapter/v2","Source":"C:\\Users\\D3NCE\\OneDrive\\Desktop\\RentNScoot\\RentNScoot.Application.UT\\bin\\Debug\\netcoreapp3.1\\fine-code-coverage\\build-output\\RentNScoot.Application.UT.dll","CodeFilePath":null,"LineNumber":-1,"Properties":[{"Key":{"Id":"TestCase.ManagedType","Label":"ManagedType","Category":"","Description":"","Attributes":1,"ValueType":"System.String"},"Value":"RentNScoot.Application.UT.ApplicationTests"},{"Key":{"Id":"TestCase.ManagedMethod","Label":"ManagedMethod","Category":"","Description":"","Attributes":1,"ValueType":"System.String"},"Value":"CAppQueries_GetFilledObjectFromDatabase_CustomerById"},{"Key":{"Id":"MSTestDiscoverer.TestClassName","Label":"ClassName","Category":"","Description":"","Attributes":1,"ValueType":"System.String"},"Value":"RentNScoot.Application.UT.ApplicationTests"},{"Key":{"Id":"TestObject.Traits","Label":"Traits","Category":"","Description":"","Attributes":5,"ValueType":"System.Collections.Generic.KeyValuePair`2[[System.String],[System.String]][]"},"Value":[]}]},"Attachments":[],"Outcome":1,"ErrorMessage":null,"ErrorStackTrace":null,"DisplayName":null,"Messages":[],"ComputerName":null,"Duration":"00:00:00.0008356","StartTime":"2022-03-06T11:31:30.6370723+01:00","EndTime":"2022-03-06T11:31:30.6380502+01:00","Properties":[{"Key":{"Id":"ExecutionId","Label":"ExecutionId","Category":"","Description":"","Attributes":1,"ValueType":"System.Guid"},"Value":"00000000-0000-0000-0000-000000000000"},{"Key":{"Id":"ParentExecId","Label":"ParentExecId","Category":"","Description":"","Attributes":1,"ValueType":"System.Guid"},"Value":"00000000-0000-0000-0000-000000000000"},{"Key":{"Id":"InnerResultsCount","Label":"InnerResultsCount","Category":"","Description":"","Attributes":1,"ValueType":"System.Int32"},"Value":0}]},{"TestCase":{"Id":"d17743b7-58e0-53a0-df34-807f76ae1566","FullyQualifiedName":"RentNScoot.Application.UT.ApplicationTests.CAppQueries_GetCorrectObjectFromDatabase_CustomerById","DisplayName":"CAppQueries_GetCorrectObjectFromDatabase_CustomerById","ExecutorUri":"executor://MSTestAdapter/v2","Source":"C:\\Users\\D3NCE\\OneDrive\\Desktop\\RentNScoot\\RentNScoot.Application.UT\\bin\\Debug\\netcoreapp3.1\\fine-code-coverage\\build-output\\RentNScoot.Application.UT.dll","CodeFilePath":null,"LineNumber":-1,"Properties":[{"Key":{"Id":"TestCase.ManagedType","Label":"ManagedType","Category":"","Description":"","Attributes":1,"ValueType":"System.String"},"Value":"RentNScoot.Application.UT.ApplicationTests"},{"Key":{"Id":"TestCase.ManagedMethod","Label":"ManagedMethod","Category":"","Description":"","Attributes":1,"ValueType":"System.String"},"Value":"CAppQueries_GetCorrectObjectFromDatabase_CustomerById"},{"Key":{"Id":"MSTestDiscoverer.TestClassName","Label":"ClassName","Category":"","Description":"","Attributes":1,"ValueType":"System.String"},"Value":"RentNScoot.Application.UT.ApplicationTests"},{"Key":{"Id":"TestObject.Traits","Label":"Traits","Category":"","Description":"","Attributes":5,"ValueType":"System.Collections.Generic.KeyValuePair`2[[System.String],[System.String]][]"},"Value":[]}]},"Attachments":[],"Outcome":1,"ErrorMessage":null,"ErrorStackTrace":null,"DisplayName":null,"Messages":[],"ComputerName":null,"Duration":"00:00:00.0004344","StartTime":"2022-03-06T11:31:30.6397433+01:00","EndTime":"2022-03-06T11:31:30.6403174+01:00","Properties":[{"Key":{"Id":"ExecutionId","Label":"ExecutionId","Category":"","Description":"","Attributes":1,"ValueType":"System.Guid"},"Value":"00000000-0000-0000-0000-000000000000"},{"Key":{"Id":"ParentExecId","Label":"ParentExecId","Category":"","Description":"","Attributes":1,"ValueType":"System.Guid"},"Value":"00000000-0000-0000-0000-000000000000"},{"Key":{"Id":"InnerResultsCount","Label":"InnerResultsCount","Category":"","Description":"","Attributes":1,"ValueType":"System.Int32"},"Value":0}]}],"TestRunStatistics":{"ExecutedTests":8,"Stats":{"Passed":8}},"ActiveTests":[]},"RunAttachments":[],"ExecutorUris":["executor://mstestadapter/v2"]}}
TpTrace Verbose: 0 : 25176, 14, 2022/03/06, 11:31:30.672, 55319805962, vstest.console.dll, TestRequestSender.EndSession: Sending end session.
TpTrace Verbose: 0 : 25176, 14, 2022/03/06, 11:31:30.673, 55319806768, vstest.console.dll, ProxyOperationManager.Close: waiting for test host to exit for 100 ms
TpTrace Warning: 0 : 25176, 10, 2022/03/06, 11:31:30.690, 55319984985, vstest.console.dll, TestHostManagerCallbacks.ErrorReceivedCallback Test host standard error line: 
TpTrace Verbose: 0 : 25176, 7, 2022/03/06, 11:31:30.693, 55320014210, vstest.console.dll, TestHostProvider.ExitCallBack: Host exited starting callback.
TpTrace Information: 0 : 25176, 7, 2022/03/06, 11:31:30.694, 55320018115, vstest.console.dll, TestHostManagerCallbacks.ExitCallBack: Testhost processId: 24412 exited with exitcode: 0 error: ''
TpTrace Verbose: 0 : 25176, 7, 2022/03/06, 11:31:30.694, 55320018551, vstest.console.dll, DotnetTestHostManager.OnHostExited: invoking OnHostExited callback
TpTrace Verbose: 0 : 25176, 7, 2022/03/06, 11:31:30.694, 55320018944, vstest.console.dll, CrossPlatEngine.TestHostManagerHostExited: calling on client process exit callback.
TpTrace Information: 0 : 25176, 7, 2022/03/06, 11:31:30.694, 55320019361, vstest.console.dll, TestRequestSender.OnClientProcessExit: Test host process exited. Standard error: 
TpTrace Warning: 0 : 25176, 14, 2022/03/06, 11:31:30.694, 55320019394, vstest.console.dll, ProxyOperationManager: Timed out waiting for test host to exit. Will terminate process.
TpTrace Information: 0 : 25176, 7, 2022/03/06, 11:31:30.694, 55320019664, vstest.console.dll, SocketServer.Stop: Stop server endPoint: 127.0.0.1:53989
TpTrace Information: 0 : 25176, 7, 2022/03/06, 11:31:30.694, 55320020381, vstest.console.dll, SocketServer.Stop: Cancellation requested. Stopping message loop.
TpTrace Verbose: 0 : 25176, 14, 2022/03/06, 11:31:30.695, 55320032993, vstest.console.dll, ProxyDataCollectionManager.InvokeDataCollectionServiceAction: Starting.
TpTrace Information: 0 : 25176, 14, 2022/03/06, 11:31:30.695, 55320033540, vstest.console.dll, ProxyDataCollectionManager.AfterTestRunEnd: Get attachment set for datacollector processId: 25388 port: 53985
TpTrace Verbose: 0 : 25176, 14, 2022/03/06, 11:31:30.695, 55320033955, vstest.console.dll, DataCollectionRequestSender.SendAfterTestRunStartAndGetResult : Send AfterTestRunEnd message with isCancelled: False
TpTrace Verbose: 0 : 25176, 14, 2022/03/06, 11:31:30.698, 55320059681, vstest.console.dll, DataCollectionRequestSender.SendAfterTestRunStartAndGetResult : Received message: (DataCollection.AfterTestRunEndResult) -> {
  "AttachmentSets": [],
  "Metrics": {}
}
TpTrace Information: 0 : 25176, 14, 2022/03/06, 11:31:30.701, 55320086765, vstest.console.dll, ProxyDataCollectionManager.InvokeDataCollectionServiceAction: Completed.
TpTrace Warning: 0 : 25176, 9, 2022/03/06, 11:31:30.701, 55320095042, vstest.console.dll, DataCollectionLauncher.ErrorReceivedCallback datacollector standard error line: 
TpTrace Information: 0 : 25176, 7, 2022/03/06, 11:31:30.704, 55320123059, vstest.console.dll, DataCollectionLauncher.ExitCallBack: Data collector exited with exitcode: 0 error: ''
TpTrace Verbose: 0 : 25176, 14, 2022/03/06, 11:31:30.766, 55320736901, vstest.console.dll, TestRunRequest:SendTestRunStatsChange: Starting.
TpTrace Information: 0 : 25176, 14, 2022/03/06, 11:31:30.766, 55320739037, vstest.console.dll, TestRunRequest:SendTestRunStatsChange: Completed.
TpTrace Verbose: 0 : 25176, 14, 2022/03/06, 11:31:30.766, 55320740401, vstest.console.dll, ParallelProxyExecutionManager: HandlePartialRunComplete: Total completed clients = 1, Run complete = True, Run canceled: False.
TpTrace Verbose: 0 : 25176, 14, 2022/03/06, 11:31:30.783, 55320910129, vstest.console.dll, TestRunRequest:TestRunComplete: Starting. IsAborted:False IsCanceled:False.
TpTrace Verbose: 0 : 25176, 14, 2022/03/06, 11:31:30.783, 55320911347, vstest.console.dll, TestLoggerManager.HandleTestRunComplete: Ignoring as the object is disposed.
TpTrace Information: 0 : 25176, 14, 2022/03/06, 11:31:30.783, 55320912963, vstest.console.dll, TestRunRequest:TestRunComplete: Completed.
TpTrace Verbose: 0 : 25176, 1, 2022/03/06, 11:31:30.783, 55320913291, vstest.console.dll, TestRunRequest.Dispose: Starting.
TpTrace Verbose: 0 : 25176, 14, 2022/03/06, 11:31:30.783, 55320913341, vstest.console.dll, TestRequestSender.SetOperationComplete: Setting operation complete.
TpTrace Information: 0 : 25176, 1, 2022/03/06, 11:31:30.783, 55320913778, vstest.console.dll, TestRunRequest.Dispose: Completed.
TpTrace Information: 0 : 25176, 14, 2022/03/06, 11:31:30.783, 55320914129, vstest.console.dll, SocketServer.Stop: Stop server endPoint: 127.0.0.1:53989
TpTrace Information: 0 : 25176, 1, 2022/03/06, 11:31:30.783, 55320914128, vstest.console.dll, TestRequestManager.RunTests: run tests completed.
TpTrace Information: 0 : 25176, 14, 2022/03/06, 11:31:30.783, 55320914442, vstest.console.dll, SocketServer.Stop: Cancellation requested. Stopping message loop.
TpTrace Information: 0 : 25176, 1, 2022/03/06, 11:31:30.783, 55320914946, vstest.console.dll, RunTestsArgumentProcessor:Execute: Test run is completed.
TpTrace Information: 0 : 25176, 14, 2022/03/06, 11:31:30.783, 55320915598, vstest.console.dll, SocketServer.PrivateStop: Stop server endPoint: 127.0.0.1:53989 error: 
TpTrace Verbose: 0 : 25176, 1, 2022/03/06, 11:31:30.783, 55320916450, vstest.console.dll, Executor.Execute: Exiting with exit code of 0
